Payload size: 10

*** summary of times taken:
[ 4049, 2, 5053, 2, 5031, 2, 5031, 5059, 5046 ]
total: 29275
Payload size: 100

*** summary of times taken:
[ 5065, 2, 5060, 1, 5041, 2, 5039, 5070, 5072 ]
total: 30352
Payload size: 1000

*** summary of times taken:
[ 5074, 2, 5066, 1, 4541, 2, 5044, 5066, 5067 ]
total: 29863
Payload size: 10000

*** summary of times taken:
[ 5091, 12, 5086, 3, 4544, 4, 5042, 5086, 5077 ]
total: 29945
Payload size: 100000

*** summary of times taken:
[ 5106, 12, 5119, 12, 4555, 16, 5052, 5126, 5067 ]
total: 30065
